# JRE version: Java(TM) SE Runtime Environment (8.0_151-b12) (build 1.8.0_151-b12)
# Java VM: Java HotSpot(TM) 64-Bit Server VM (25.151-b12 mixed mode windows-amd64 compressed oops)
Heap:
 PSYoungGen      total 93184K, used 40324K [0x00000000f5580000, 0x0000000100000000, 0x0000000100000000)
  eden space 60928K, 66% used [0x00000000f5580000,0x00000000f7ce1260,0x00000000f9100000)
  from space 32256K, 0% used [0x00000000fe080000,0x00000000fe080000,0x0000000100000000)
  to   space 56832K, 0% used [0x00000000f9100000,0x00000000f9100000,0x00000000fc880000)
 ParOldGen       total 141312K, used 109774K [0x00000000e0000000, 0x00000000e8a00000, 0x00000000f5580000)
  object space 141312K, 77% used [0x00000000e0000000,0x00000000e6b33988,0x00000000e8a00000)
 Metaspace       used 111547K, capacity 116185K, committed 119400K, reserved 1148928K
  class space    used 18741K, capacity 19129K, committed 19840K, reserved 1048576K
GC Heap History (10 events):
Event: 61.695 GC heap before
{Heap before GC invocations=20 (full 5):
 PSYoungGen      total 137216K, used 119296K [0x00000000f5580000, 0x00000000ff480000, 0x0000000100000000)
  eden space 119296K, 100% used [0x00000000f5580000,0x00000000fca00000,0x00000000fca00000)
  from space 17920K, 0% used [0x00000000fdd80000,0x00000000fdd80000,0x00000000fef00000)
  to   space 19968K, 0% used [0x00000000fca00000,0x00000000fca00000,0x00000000fdd80000)
 ParOldGen       total 141312K, used 30312K [0x00000000e0000000, 0x00000000e8a00000, 0x00000000f5580000)
  object space 141312K, 21% used [0x00000000e0000000,0x00000000e1d9a308,0x00000000e8a00000)
 Metaspace       used 78233K, capacity 80752K, committed 81024K, reserved 1116160K
  class space    used 14064K, capacity 14364K, committed 14464K, reserved 1048576K
Event: 61.726 GC heap after
Heap after GC invocations=20 (full 5):
 PSYoungGen      total 139264K, used 19942K [0x00000000f5580000, 0x0000000100000000, 0x0000000100000000)
  eden space 119296K, 0% used [0x00000000f5580000,0x00000000f5580000,0x00000000fca00000)
  from space 19968K, 99% used [0x00000000fca00000,0x00000000fdd79a78,0x00000000fdd80000)
  to   space 24064K, 0% used [0x00000000fe880000,0x00000000fe880000,0x0000000100000000)
 ParOldGen       total 141312K, used 32665K [0x00000000e0000000, 0x00000000e8a00000, 0x00000000f5580000)
  object space 141312K, 23% used [0x00000000e0000000,0x00000000e1fe67e0,0x00000000e8a00000)
 Metaspace       used 78233K, capacity 80752K, committed 81024K, reserved 1116160K
  class space    used 14064K, capacity 14364K, committed 14464K, reserved 1048576K
}
Event: 63.278 GC heap before
{Heap before GC invocations=21 (full 5):
 PSYoungGen      total 139264K, used 139238K [0x00000000f5580000, 0x0000000100000000, 0x0000000100000000)
  eden space 119296K, 100% used [0x00000000f5580000,0x00000000fca00000,0x00000000fca00000)
  from space 19968K, 99% used [0x00000000fca00000,0x00000000fdd79a78,0x00000000fdd80000)
  to   space 24064K, 0% used [0x00000000fe880000,0x00000000fe880000,0x0000000100000000)
 ParOldGen       total 141312K, used 32665K [0x00000000e0000000, 0x00000000e8a00000, 0x00000000f5580000)
  object space 141312K, 23% used [0x00000000e0000000,0x00000000e1fe67e0,0x00000000e8a00000)
 Metaspace       used 85624K, capacity 88134K, committed 88576K, reserved 1122304K
  class space    used 15479K, capacity 15788K, committed 15872K, reserved 1048576K
Event: 63.364 GC heap after
Heap after GC invocations=21 (full 5):
 PSYoungGen      total 134144K, used 24036K [0x00000000f5580000, 0x0000000100000000, 0x0000000100000000)
  eden space 110080K, 0% used [0x00000000f5580000,0x00000000f5580000,0x00000000fc100000)
  from space 24064K, 99% used [0x00000000fe880000,0x00000000ffff9150,0x0000000100000000)
  to   space 32256K, 0% used [0x00000000fc100000,0x00000000fc100000,0x00000000fe080000)
 ParOldGen       total 141312K, used 45944K [0x00000000e0000000, 0x00000000e8a00000, 0x00000000f5580000)
  object space 141312K, 32% used [0x00000000e0000000,0x00000000e2cde180,0x00000000e8a00000)
 Metaspace       used 85624K, capacity 88134K, committed 88576K, reserved 1122304K
  class space    used 15479K, capacity 15788K, committed 15872K, reserved 1048576K
}
Event: 67.817 GC heap before
{Heap before GC invocations=22 (full 5):
 PSYoungGen      total 134144K, used 134116K [0x00000000f5580000, 0x0000000100000000, 0x0000000100000000)
  eden space 110080K, 100% used [0x00000000f5580000,0x00000000fc100000,0x00000000fc100000)
  from space 24064K, 99% used [0x00000000fe880000,0x00000000ffff9150,0x0000000100000000)
  to   space 32256K, 0% used [0x00000000fc100000,0x00000000fc100000,0x00000000fe080000)
 ParOldGen       total 141312K, used 45944K [0x00000000e0000000, 0x00000000e8a00000, 0x00000000f5580000)
  object space 141312K, 32% used [0x00000000e0000000,0x00000000e2cde180,0x00000000e8a00000)
 Metaspace       used 102910K, capacity 106206K, committed 106368K, reserved 1136640K
  class space    used 18117K, capacity 18477K, committed 18560K, reserved 1048576K
Event: 67.885 GC heap after
Heap after GC invocations=22 (full 5):
 PSYoungGen      total 142336K, used 32240K [0x00000000f5580000, 0x0000000100000000, 0x0000000100000000)
  eden space 110080K, 0% used [0x00000000f5580000,0x00000000f5580000,0x00000000fc100000)
  from space 32256K, 99% used [0x00000000fc100000,0x00000000fe07c328,0x00000000fe080000)
  to   space 32256K, 0% used [0x00000000fe080000,0x00000000fe080000,0x0000000100000000)
 ParOldGen       total 141312K, used 74506K [0x00000000e0000000, 0x00000000e8a00000, 0x00000000f5580000)
  object space 141312K, 52% used [0x00000000e0000000,0x00000000e48c2a80,0x00000000e8a00000)
 Metaspace       used 102910K, capacity 106206K, committed 106368K, reserved 1136640K
  class space    used 18117K, capacity 18477K, committed 18560K, reserved 1048576K
}
Event: 73.235 GC heap before
{Heap before GC invocations=23 (full 5):
 PSYoungGen      total 142336K, used 101843K [0x00000000f5580000, 0x0000000100000000, 0x0000000100000000)
  eden space 110080K, 63% used [0x00000000f5580000,0x00000000f9978b40,0x00000000fc100000)
  from space 32256K, 99% used [0x00000000fc100000,0x00000000fe07c328,0x00000000fe080000)
  to   space 32256K, 0% used [0x00000000fe080000,0x00000000fe080000,0x0000000100000000)
 ParOldGen       total 141312K, used 74506K [0x00000000e0000000, 0x00000000e8a00000, 0x00000000f5580000)
  object space 141312K, 52% used [0x00000000e0000000,0x00000000e48c2a80,0x00000000e8a00000)
 Metaspace       used 114195K, capacity 118615K, committed 118760K, reserved 1148928K
  class space    used 19215K, capacity 19615K, committed 19712K, reserved 1048576K
Event: 73.351 GC heap after
Heap after GC invocations=23 (full 5):
 PSYoungGen      total 93184K, used 32239K [0x00000000f5580000, 0x0000000100000000, 0x0000000100000000)
  eden space 60928K, 0% used [0x00000000f5580000,0x00000000f5580000,0x00000000f9100000)
  from space 32256K, 99% used [0x00000000fe080000,0x00000000ffffbe80,0x0000000100000000)
  to   space 56832K, 0% used [0x00000000f9100000,0x00000000f9100000,0x00000000fc880000)
 ParOldGen       total 141312K, used 91809K [0x00000000e0000000, 0x00000000e8a00000, 0x00000000f5580000)
  object space 141312K, 64% used [0x00000000e0000000,0x00000000e59a8778,0x00000000e8a00000)
 Metaspace       used 114195K, capacity 118615K, committed 118760K, reserved 1148928K
  class space    used 19215K, capacity 19615K, committed 19712K, reserved 1048576K
}
Event: 73.351 GC heap before
{Heap before GC invocations=24 (full 6):
 PSYoungGen      total 93184K, used 32239K [0x00000000f5580000, 0x0000000100000000, 0x0000000100000000)
  eden space 60928K, 0% used [0x00000000f5580000,0x00000000f5580000,0x00000000f9100000)
  from space 32256K, 99% used [0x00000000fe080000,0x00000000ffffbe80,0x0000000100000000)
  to   space 56832K, 0% used [0x00000000f9100000,0x00000000f9100000,0x00000000fc880000)
 ParOldGen       total 141312K, used 91809K [0x00000000e0000000, 0x00000000e8a00000, 0x00000000f5580000)
  object space 141312K, 64% used [0x00000000e0000000,0x00000000e59a8778,0x00000000e8a00000)
 Metaspace       used 114195K, capacity 118615K, committed 118760K, reserved 1148928K
  class space    used 19215K, capacity 19615K, committed 19712K, reserved 1048576K
Event: 73.959 GC heap after
Heap after GC invocations=24 (full 6):
 PSYoungGen      total 93184K, used 0K [0x00000000f5580000, 0x0000000100000000, 0x0000000100000000)
  eden space 60928K, 0% used [0x00000000f5580000,0x00000000f5580000,0x00000000f9100000)
  from space 32256K, 0% used [0x00000000fe080000,0x00000000fe080000,0x0000000100000000)
  to   space 56832K, 0% used [0x00000000f9100000,0x00000000f9100000,0x00000000fc880000)
 ParOldGen       total 141312K, used 109774K [0x00000000e0000000, 0x00000000e8a00000, 0x00000000f5580000)
  object space 141312K, 77% used [0x00000000e0000000,0x00000000e6b33988,0x00000000e8a00000)
 Metaspace       used 109961K, capacity 114255K, committed 118760K, reserved 1148928K
  class space    used 18552K, capacity 18920K, committed 19712K, reserved 1048576K
}

