# JRE version: Java(TM) SE Runtime Environment (8.0_151-b12) (build 1.8.0_151-b12)
# Java VM: Java HotSpot(TM) 64-Bit Server VM (25.151-b12 mixed mode windows-amd64 compressed oops)
Heap:
 PSYoungGen      total 131072K, used 82023K [0x00000000f5580000, 0x0000000100000000, 0x0000000100000000)
  eden space 88576K, 92% used [0x00000000f5580000,0x00000000fa599d30,0x00000000fac00000)
  from space 42496K, 0% used [0x00000000fac00000,0x00000000fac00000,0x00000000fd580000)
  to   space 43520K, 0% used [0x00000000fd580000,0x00000000fd580000,0x0000000100000000)
 ParOldGen       total 286208K, used 94287K [0x00000000e0000000, 0x00000000f1780000, 0x00000000f5580000)
  object space 286208K, 32% used [0x00000000e0000000,0x00000000e5c13c20,0x00000000f1780000)
 Metaspace       used 159420K, capacity 167873K, committed 186496K, reserved 1208320K
  class space    used 24664K, capacity 25365K, committed 28544K, reserved 1048576K
GC Heap History (10 events):
Event: 816.746 GC heap before
{Heap before GC invocations=51 (full 8):
 PSYoungGen      total 123392K, used 91523K [0x00000000f5580000, 0x00000000ff980000, 0x0000000100000000)
  eden space 81920K, 100% used [0x00000000f5580000,0x00000000fa580000,0x00000000fa580000)
  from space 41472K, 23% used [0x00000000fd100000,0x00000000fda60c38,0x00000000ff980000)
  to   space 43008K, 0% used [0x00000000fa580000,0x00000000fa580000,0x00000000fcf80000)
 ParOldGen       total 286208K, used 96231K [0x00000000e0000000, 0x00000000f1780000, 0x00000000f5580000)
  object space 286208K, 33% used [0x00000000e0000000,0x00000000e5df9ec8,0x00000000f1780000)
 Metaspace       used 176427K, capacity 185787K, committed 186240K, reserved 1208320K
  class space    used 27314K, capacity 28165K, committed 28288K, reserved 1048576K
Event: 816.772 GC heap after
Heap after GC invocations=51 (full 8):
 PSYoungGen      total 124928K, used 25073K [0x00000000f5580000, 0x0000000100000000, 0x0000000100000000)
  eden space 81920K, 0% used [0x00000000f5580000,0x00000000f5580000,0x00000000fa580000)
  from space 43008K, 58% used [0x00000000fa580000,0x00000000fbdfc4b0,0x00000000fcf80000)
  to   space 43520K, 0% used [0x00000000fd580000,0x00000000fd580000,0x0000000100000000)
 ParOldGen       total 286208K, used 96239K [0x00000000e0000000, 0x00000000f1780000, 0x00000000f5580000)
  object space 286208K, 33% used [0x00000000e0000000,0x00000000e5dfbec8,0x00000000f1780000)
 Metaspace       used 176427K, capacity 185787K, committed 186240K, reserved 1208320K
  class space    used 27314K, capacity 28165K, committed 28288K, reserved 1048576K
}
Event: 817.481 GC heap before
{Heap before GC invocations=52 (full 8):
 PSYoungGen      total 124928K, used 77662K [0x00000000f5580000, 0x0000000100000000, 0x0000000100000000)
  eden space 81920K, 64% used [0x00000000f5580000,0x00000000f88db388,0x00000000fa580000)
  from space 43008K, 58% used [0x00000000fa580000,0x00000000fbdfc4b0,0x00000000fcf80000)
  to   space 43520K, 0% used [0x00000000fd580000,0x00000000fd580000,0x0000000100000000)
 ParOldGen       total 286208K, used 96239K [0x00000000e0000000, 0x00000000f1780000, 0x00000000f5580000)
  object space 286208K, 33% used [0x00000000e0000000,0x00000000e5dfbec8,0x00000000f1780000)
 Metaspace       used 178964K, capacity 188325K, committed 188544K, reserved 1210368K
  class space    used 27685K, capacity 28531K, committed 28544K, reserved 1048576K
Event: 817.535 GC heap after
Heap after GC invocations=52 (full 8):
 PSYoungGen      total 132096K, used 22225K [0x00000000f5580000, 0x0000000100000000, 0x0000000100000000)
  eden space 88576K, 0% used [0x00000000f5580000,0x00000000f5580000,0x00000000fac00000)
  from space 43520K, 51% used [0x00000000fd580000,0x00000000feb347d0,0x0000000100000000)
  to   space 42496K, 0% used [0x00000000fac00000,0x00000000fac00000,0x00000000fd580000)
 ParOldGen       total 286208K, used 96239K [0x00000000e0000000, 0x00000000f1780000, 0x00000000f5580000)
  object space 286208K, 33% used [0x00000000e0000000,0x00000000e5dfbec8,0x00000000f1780000)
 Metaspace       used 178964K, capacity 188325K, committed 188544K, reserved 1210368K
  class space    used 27685K, capacity 28531K, committed 28544K, reserved 1048576K
}
Event: 817.535 GC heap before
{Heap before GC invocations=53 (full 9):
 PSYoungGen      total 132096K, used 22225K [0x00000000f5580000, 0x0000000100000000, 0x0000000100000000)
  eden space 88576K, 0% used [0x00000000f5580000,0x00000000f5580000,0x00000000fac00000)
  from space 43520K, 51% used [0x00000000fd580000,0x00000000feb347d0,0x0000000100000000)
  to   space 42496K, 0% used [0x00000000fac00000,0x00000000fac00000,0x00000000fd580000)
 ParOldGen       total 286208K, used 96239K [0x00000000e0000000, 0x00000000f1780000, 0x00000000f5580000)
  object space 286208K, 33% used [0x00000000e0000000,0x00000000e5dfbec8,0x00000000f1780000)
 Metaspace       used 178964K, capacity 188325K, committed 188544K, reserved 1210368K
  class space    used 27685K, capacity 28531K, committed 28544K, reserved 1048576K
Event: 818.375 GC heap after
Heap after GC invocations=53 (full 9):
 PSYoungGen      total 132096K, used 0K [0x00000000f5580000, 0x0000000100000000, 0x0000000100000000)
  eden space 88576K, 0% used [0x00000000f5580000,0x00000000f5580000,0x00000000fac00000)
  from space 43520K, 0% used [0x00000000fd580000,0x00000000fd580000,0x0000000100000000)
  to   space 42496K, 0% used [0x00000000fac00000,0x00000000fac00000,0x00000000fd580000)
 ParOldGen       total 286208K, used 100842K [0x00000000e0000000, 0x00000000f1780000, 0x00000000f5580000)
  object space 286208K, 35% used [0x00000000e0000000,0x00000000e627abc8,0x00000000f1780000)
 Metaspace       used 156630K, capacity 164893K, committed 186496K, reserved 1208320K
  class space    used 24138K, capacity 24773K, committed 28544K, reserved 1048576K
}
Event: 818.391 GC heap before
{Heap before GC invocations=54 (full 9):
 PSYoungGen      total 132096K, used 205K [0x00000000f5580000, 0x0000000100000000, 0x0000000100000000)
  eden space 88576K, 0% used [0x00000000f5580000,0x00000000f55b3538,0x00000000fac00000)
  from space 43520K, 0% used [0x00000000fd580000,0x00000000fd580000,0x0000000100000000)
  to   space 42496K, 0% used [0x00000000fac00000,0x00000000fac00000,0x00000000fd580000)
 ParOldGen       total 286208K, used 100842K [0x00000000e0000000, 0x00000000f1780000, 0x00000000f5580000)
  object space 286208K, 35% used [0x00000000e0000000,0x00000000e627abc8,0x00000000f1780000)
 Metaspace       used 156630K, capacity 164893K, committed 186496K, reserved 1208320K
  class space    used 24138K, capacity 24773K, committed 28544K, reserved 1048576K
Event: 818.395 GC heap after
Heap after GC invocations=54 (full 9):
 PSYoungGen      total 131072K, used 64K [0x00000000f5580000, 0x0000000100000000, 0x0000000100000000)
  eden space 88576K, 0% used [0x00000000f5580000,0x00000000f5580000,0x00000000fac00000)
  from space 42496K, 0% used [0x00000000fac00000,0x00000000fac10000,0x00000000fd580000)
  to   space 43520K, 0% used [0x00000000fd580000,0x00000000fd580000,0x0000000100000000)
 ParOldGen       total 286208K, used 100842K [0x00000000e0000000, 0x00000000f1780000, 0x00000000f5580000)
  object space 286208K, 35% used [0x00000000e0000000,0x00000000e627abc8,0x00000000f1780000)
 Metaspace       used 156630K, capacity 164893K, committed 186496K, reserved 1208320K
  class space    used 24138K, capacity 24773K, committed 28544K, reserved 1048576K
}
Event: 818.395 GC heap before
{Heap before GC invocations=55 (full 10):
 PSYoungGen      total 131072K, used 64K [0x00000000f5580000, 0x0000000100000000, 0x0000000100000000)
  eden space 88576K, 0% used [0x00000000f5580000,0x00000000f5580000,0x00000000fac00000)
  from space 42496K, 0% used [0x00000000fac00000,0x00000000fac10000,0x00000000fd580000)
  to   space 43520K, 0% used [0x00000000fd580000,0x00000000fd580000,0x0000000100000000)
 ParOldGen       total 286208K, used 100842K [0x00000000e0000000, 0x00000000f1780000, 0x00000000f5580000)
  object space 286208K, 35% used [0x00000000e0000000,0x00000000e627abc8,0x00000000f1780000)
 Metaspace       used 156630K, capacity 164893K, committed 186496K, reserved 1208320K
  class space    used 24138K, capacity 24773K, committed 28544K, reserved 1048576K
Event: 819.103 GC heap after
Heap after GC invocations=55 (full 10):
 PSYoungGen      total 131072K, used 0K [0x00000000f5580000, 0x0000000100000000, 0x0000000100000000)
  eden space 88576K, 0% used [0x00000000f5580000,0x00000000f5580000,0x00000000fac00000)
  from space 42496K, 0% used [0x00000000fac00000,0x00000000fac00000,0x00000000fd580000)
  to   space 43520K, 0% used [0x00000000fd580000,0x00000000fd580000,0x0000000100000000)
 ParOldGen       total 286208K, used 94287K [0x00000000e0000000, 0x00000000f1780000, 0x00000000f5580000)
  object space 286208K, 32% used [0x00000000e0000000,0x00000000e5c13c20,0x00000000f1780000)
 Metaspace       used 156630K, capacity 164893K, committed 186496K, reserved 1208320K
  class space    used 24138K, capacity 24773K, committed 28544K, reserved 1048576K
}

